<?xml version="1.0" encoding="UTF-8"?>
<!-- Generated by org.testng.reporters.JUnitReportReporter -->
<testsuite hostname="DESKTOP-HFSAOJL" failures="0" tests="1" name="Testcases.TC02CarNegative" time="72.008" errors="0" timestamp="2021-08-31T02:31:16 AEST" skipped="0">
  <testcase classname="Testcases.TC02CarNegative" name="setup" time="72.008"/>
  <system-out/>
</testsuite> <!-- Testcases.TC02CarNegative -->
