<?xml version="1.0" encoding="UTF-8"?>
<!-- Generated by org.testng.reporters.JUnitReportReporter -->
<testsuite hostname="DESKTOP-HFSAOJL" failures="0" tests="1" name="Testcases.CarBbookPositiveTest" time="70.508" errors="0" timestamp="2021-08-30T19:15:53 AEST" skipped="0">
  <testcase classname="Testcases.CarBbookPositiveTest" name="setup" time="70.508"/>
  <system-out/>
</testsuite> <!-- Testcases.CarBbookPositiveTest -->
